<?xml version="1.0" encoding="UTF-8"?>
<!-- Generated by org.testng.reporters.JUnitXMLReporter -->
<testsuite ignored="0" hostname="MX-CELLAR-QA7L" failures="0" tests="5" name="MaferIntegrationNameNew" time="0.006" errors="0" timestamp="2023-12-12T15:07:50 CST">
  <testcase classname="com.mafercompany.example.MyCasesNew" name="testEight" time="0.0"/>
  <testcase classname="com.mafercompany.example.MyCasesNew" name="testNine" time="0.0"/>
  <testcase classname="com.mafercompany.example.MyCasesNew" name="testSeven" time="0.0"/>
  <testcase classname="com.mafercompany.example.MyCasesNew" name="testSix" time="0.001"/>
  <testcase classname="com.mafercompany.example.MyCasesNew" name="testTen" time="0.0"/>
</testsuite> <!-- MaferIntegrationNameNew -->
