<?xml version="1.0" encoding="UTF-8"?>
<!-- Generated by org.testng.reporters.JUnitXMLReporter -->
<testsuite ignored="0" hostname="MX-CELLAR-QA7L" failures="0" tests="5" name="MaferIntegrationName" time="0.051" errors="0" timestamp="2023-12-12T15:07:50 CST">
  <testcase classname="com.mafercompany.example.MyCases" name="testFive" time="0.007"/>
  <testcase classname="com.mafercompany.example.MyCases" name="testFour" time="0.001"/>
  <testcase classname="com.mafercompany.example.MyCases" name="testOne" time="0.001"/>
  <testcase classname="com.mafercompany.example.MyCases" name="testThree" time="0.001"/>
  <testcase classname="com.mafercompany.example.MyCases" name="testTwo" time="0.0"/>
</testsuite> <!-- MaferIntegrationName -->
