<?xml version="1.0" encoding="UTF-8"?>
<testsuite xmlns:xsi="http://www.w3.org/2001/XMLSchema-instance" xsi:noNamespaceSchemaLocation="https://maven.apache.org/surefire/maven-surefire-plugin/xsd/surefire-test-report-3.0.xsd" version="3.0" name="TestSuite" time="0.694" tests="10" errors="0" skipped="0" failures="0">
  <properties>
[...]
</properties>
  <testcase name="testFive" classname="com.mafercompany.example.MyCases" time="0.008">
    <system-out><![CDATA[This is my 5th case
]]></system-out>
  </testcase>
  <testcase name="testFour" classname="com.mafercompany.example.MyCases" time="0">
    <system-out><![CDATA[This is my 4th case
]]></system-out>
  </testcase>
  <testcase name="testOne" classname="com.mafercompany.example.MyCases" time="0">
    <system-out><![CDATA[This is my 1st case
]]></system-out>
  </testcase>
  <testcase name="testThree" classname="com.mafercompany.example.MyCases" time="0.001">
    <system-out><![CDATA[This is my 3rd case
]]></system-out>
  </testcase>
  <testcase name="testTwo" classname="com.mafercompany.example.MyCases" time="0">
    <system-out><![CDATA[This is my 2nd case
]]></system-out>
  </testcase>
  <testcase name="testEight" classname="com.mafercompany.example.MyCasesNew" time="0">
    <system-out><![CDATA[PASSED: testOne
PASSED: testFive
PASSED: testThree
PASSED: testFour
PASSED: testTwo

===============================================
    MaferIntegrationName
    Tests run: 5, Failures: 0, Skips: 0
===============================================

This is my 8th case
]]></system-out>
  </testcase>
  <testcase name="testNine" classname="com.mafercompany.example.MyCasesNew" time="0.001">
    <system-out><![CDATA[This is my 9th case
]]></system-out>
  </testcase>
  <testcase name="testSeven" classname="com.mafercompany.example.MyCasesNew" time="0">
    <system-out><![CDATA[This is my 7th case
]]></system-out>
  </testcase>
  <testcase name="testSix" classname="com.mafercompany.example.MyCasesNew" time="0">
    <system-out><![CDATA[This is my 6th case
]]></system-out>
  </testcase>
  <testcase name="testTen" classname="com.mafercompany.example.MyCasesNew" time="0">
    <system-out><![CDATA[This is my 10th case
]]></system-out>
  </testcase>
</testsuite>